SF:src/JSONPointer.jl
DA:1,1
LH:1
LF:1
end_of_record
SF:src/pointer.jl
DA:4,83
DA:14,13
DA:15,13
DA:16,6
DA:17,12
DA:20,13
DA:24,81
DA:25,73
DA:27,8
DA:28,8
DA:29,8
DA:30,1
DA:31,7
DA:32,2
DA:33,5
DA:34,1
DA:35,4
DA:36,3
DA:37,1
DA:38,1
DA:39,0
DA:40,0
DA:42,0
DA:83,93
DA:87,262
DA:88,25
DA:90,88
DA:91,3
DA:93,170
DA:94,1
DA:96,165
DA:100,84
DA:101,3
DA:103,81
DA:104,162
DA:105,191
DA:106,41
DA:107,41
DA:108,2
DA:110,41
DA:111,0
DA:113,150
DA:114,3
DA:115,147
DA:116,307
DA:119,81
DA:122,59
DA:124,15
DA:126,0
DA:127,0
DA:130,0
DA:131,0
DA:149,1
DA:152,8
DA:154,20
DA:155,51
DA:156,17
DA:157,3
DA:161,7
DA:162,0
DA:166,38
DA:168,156
DA:171,1
DA:179,1
DA:182,22
DA:183,130
DA:184,5
DA:186,77
DA:188,17
DA:191,57
DA:194,8
DA:197,0
DA:201,2
DA:204,57
DA:208,57
DA:209,187
DA:211,52
DA:217,3
DA:218,1
DA:220,2
DA:225,4
DA:226,0
DA:227,0
DA:228,0
DA:229,4
DA:230,0
DA:231,0
DA:233,27
DA:235,15
DA:237,8
DA:238,8
DA:239,8
DA:241,4
DA:249,17
DA:250,17
DA:251,8
DA:253,17
DA:259,42
DA:260,28
DA:265,3
DA:271,10
DA:272,4
DA:273,8
DA:276,26
DA:277,52
DA:278,64
DA:279,59
DA:280,50
DA:281,22
DA:283,72
DA:286,23
DA:287,19
LH:97
LF:112
end_of_record
