SF:src/JSONPointer.jl
DA:1,9
LH:1
LF:1
end_of_record
SF:src/pointer.jl
DA:4,71
DA:25,2
DA:28,224
DA:29,25
DA:30,13
DA:33,75
DA:34,2
DA:36,146
DA:37,1
DA:40,72
DA:41,144
DA:42,72
DA:43,8
DA:44,8
DA:45,15
DA:47,144
DA:48,180
DA:49,40
DA:50,2
DA:52,78
DA:55,40
DA:56,0
DA:58,140
DA:59,3
DA:60,137
DA:61,292
DA:64,72
DA:75,13
DA:76,13
DA:77,6
DA:78,12
DA:81,13
DA:95,4
DA:96,0
DA:98,4
DA:106,1
DA:109,8
DA:110,51
DA:111,18
DA:112,3
DA:117,7
DA:118,0
DA:120,0
DA:121,0
DA:122,0
DA:123,0
DA:126,0
DA:127,0
DA:128,0
DA:131,0
DA:132,0
DA:133,0
DA:134,0
DA:135,0
DA:138,0
DA:143,11
DA:144,11
DA:145,11
DA:146,53
DA:147,48
DA:149,5
DA:150,53
DA:153,11
DA:156,53
DA:157,53
DA:158,7
DA:159,7
DA:160,5
DA:164,46
DA:165,46
DA:166,43
DA:170,53
DA:174,2
DA:177,57
DA:181,28
DA:184,16
DA:187,6
DA:190,1
DA:193,1
DA:196,5
DA:199,20
DA:200,5
DA:201,31
DA:203,4
DA:208,3
DA:209,1
DA:211,2
DA:216,25
DA:217,25
DA:219,5
DA:221,4
DA:222,4
DA:223,21
DA:225,0
DA:226,21
DA:228,21
DA:229,53
DA:230,38
DA:232,15
DA:235,53
DA:236,15
DA:237,1
DA:239,14
DA:241,38
DA:242,1
DA:244,74
DA:245,15
DA:249,51
DA:250,32
DA:251,42
DA:252,22
DA:253,22
DA:254,10
DA:256,12
DA:258,22
DA:260,32
DA:263,19
DA:267,14
DA:268,14
DA:269,4
DA:270,0
DA:271,0
DA:272,4
DA:273,4
DA:274,7
DA:276,0
DA:277,0
DA:279,4
DA:281,14
DA:284,51
DA:285,12
DA:288,4
DA:292,0
DA:293,0
LH:111
LF:134
end_of_record
